0 info it worked if it ends with ok
1 verbose cli [ 'C:\\Program Files\\nodejs\\node.exe',
1 verbose cli   'C:\\Program Files\\nodejs\\node_modules\\npm\\bin\\npm-cli.js',
1 verbose cli   'i',
1 verbose cli   'https://github.com/RobiNN1/elFinder-Material-Theme.git',
1 verbose cli   '--save' ]
2 info using npm@3.3.12
3 info using node@v5.1.1
4 silly loadCurrentTree Starting
5 silly install loadCurrentTree
6 silly install readLocalPackageData
7 silly fetchPackageMetaData https://github.com/RobiNN1/elFinder-Material-Theme.git
8 silly fetchOtherPackageData https://github.com/RobiNN1/elFinder-Material-Theme.git
9 silly cache add args [ 'https://github.com/RobiNN1/elFinder-Material-Theme.git',
9 silly cache add   null ]
10 verbose cache add spec https://github.com/RobiNN1/elFinder-Material-Theme.git
11 silly cache add parsed spec Result {
11 silly cache add   raw: 'https://github.com/RobiNN1/elFinder-Material-Theme.git',
11 silly cache add   scope: null,
11 silly cache add   name: null,
11 silly cache add   rawSpec: 'https://github.com/RobiNN1/elFinder-Material-Theme.git',
11 silly cache add   spec: 'git+https://github.com/RobiNN1/elFinder-Material-Theme.git',
11 silly cache add   type: 'hosted',
11 silly cache add   hosted:
11 silly cache add    { type: 'github',
11 silly cache add      ssh: 'git@github.com:RobiNN1/elFinder-Material-Theme.git',
11 silly cache add      sshUrl: 'git+ssh://git@github.com/RobiNN1/elFinder-Material-Theme.git',
11 silly cache add      httpsUrl: 'git+https://github.com/RobiNN1/elFinder-Material-Theme.git',
11 silly cache add      gitUrl: 'git://github.com/RobiNN1/elFinder-Material-Theme.git',
11 silly cache add      shortcut: 'github:RobiNN1/elFinder-Material-Theme',
11 silly cache add      directUrl: 'https://raw.githubusercontent.com/RobiNN1/elFinder-Material-Theme/master/package.json' } }
12 verbose addRemoteGit caching https://github.com/RobiNN1/elFinder-Material-Theme.git
13 verbose addRemoteGit git+https://github.com/RobiNN1/elFinder-Material-Theme.git is a repository hosted by github
14 silly tryClone cloning git+https://github.com/RobiNN1/elFinder-Material-Theme.git via git+https://github.com/RobiNN1/elFinder-Material-Theme.git
15 verbose tryClone git-https-github-com-RobiNN1-elFinder-Material-Theme-git-80eca259d45721eb79283ffc248038fe not in flight; caching
16 info git [ 'clone',
16 info git   '--template=C:\\Users\\progasu\\AppData\\Roaming\\npm-cache\\_git-remotes\\_templates',
16 info git   '--mirror',
16 info git   'https://github.com/RobiNN1/elFinder-Material-Theme.git',
16 info git   'C:\\Users\\progasu\\AppData\\Roaming\\npm-cache\\_git-remotes\\git-https-github-com-RobiNN1-elFinder-Material-Theme-git-80eca259d45721eb79283ffc248038fe' ]
17 verbose mirrorRemote git+https://github.com/RobiNN1/elFinder-Material-Theme.git git clone https://github.com/RobiNN1/elFinder-Material-Theme.git
18 verbose setPermissions git+https://github.com/RobiNN1/elFinder-Material-Theme.git skipping chownr on Windows
19 verbose resolveHead git+https://github.com/RobiNN1/elFinder-Material-Theme.git original treeish: master
20 info git [ 'rev-list', '-n1', 'master' ]
21 silly resolveHead git+https://github.com/RobiNN1/elFinder-Material-Theme.git resolved treeish: d11d65806dc83db086f4e2f355e5fc95ad6e4ac0
22 verbose resolveHead git+https://github.com/RobiNN1/elFinder-Material-Theme.git resolved Git URL: git+https://github.com/RobiNN1/elFinder-Material-Theme.git#d11d65806dc83db086f4e2f355e5fc95ad6e4ac0
23 silly resolveHead Git working directory: C:\Users\progasu\AppData\Local\Temp\npm-10384-1baa3584\git-cache-564175cb3f79c13cabdb2d2489fc72c8\d11d65806dc83db086f4e2f355e5fc95ad6e4ac0
24 info git [ 'clone',
24 info git   'C:\\Users\\progasu\\AppData\\Roaming\\npm-cache\\_git-remotes\\git-https-github-com-RobiNN1-elFinder-Material-Theme-git-80eca259d45721eb79283ffc248038fe',
24 info git   'C:\\Users\\progasu\\AppData\\Local\\Temp\\npm-10384-1baa3584\\git-cache-564175cb3f79c13cabdb2d2489fc72c8\\d11d65806dc83db086f4e2f355e5fc95ad6e4ac0' ]
25 verbose cloneResolved git+https://github.com/RobiNN1/elFinder-Material-Theme.git clone Cloning into 'C:\Users\progasu\AppData\Local\Temp\npm-10384-1baa3584\git-cache-564175cb3f79c13cabdb2d2489fc72c8\d11d65806dc83db086f4e2f355e5fc95ad6e4ac0'...
25 verbose cloneResolved done.
26 info git [ 'checkout', 'd11d65806dc83db086f4e2f355e5fc95ad6e4ac0' ]
27 verbose checkoutTreeish git+https://github.com/RobiNN1/elFinder-Material-Theme.git checkout Note: checking out 'd11d65806dc83db086f4e2f355e5fc95ad6e4ac0'.
27 verbose checkoutTreeish
27 verbose checkoutTreeish You are in 'detached HEAD' state. You can look around, make experimental
27 verbose checkoutTreeish changes and commit them, and you can discard any commits you make in this
27 verbose checkoutTreeish state without impacting any branches by performing another checkout.
27 verbose checkoutTreeish
27 verbose checkoutTreeish If you want to create a new branch to retain commits you create, you may
27 verbose checkoutTreeish do so (now or later) by using -b with the checkout command again. Example:
27 verbose checkoutTreeish
27 verbose checkoutTreeish   git checkout -b <new-branch-name>
27 verbose checkoutTreeish
27 verbose checkoutTreeish HEAD is now at d11d658... Update README.md
28 error addLocal Could not install C:\Users\progasu\AppData\Local\Temp\npm-10384-1baa3584\git-cache-564175cb3f79c13cabdb2d2489fc72c8\d11d65806dc83db086f4e2f355e5fc95ad6e4ac0
29 silly fetchPackageMetaData Error: EISDIR: illegal operation on a directory, read
29 silly fetchPackageMetaData     at Error (native)
29 silly fetchPackageMetaData  error for https://github.com/RobiNN1/elFinder-Material-Theme.git { [Error: EISDIR: illegal operation on a directory, read] errno: -4068, code: 'EISDIR', syscall: 'read' }
30 silly rollbackFailedOptional Starting
31 silly rollbackFailedOptional Finishing
32 silly runTopLevelLifecycles Starting
33 silly runTopLevelLifecycles Finishing
34 silly install printInstalled
35 verbose stack Error: EISDIR: illegal operation on a directory, read
35 verbose stack     at Error (native)
36 verbose cwd D:\Doc\Projects\Liker
37 error Windows_NT 10.0.10240
38 error argv "C:\\Program Files\\nodejs\\node.exe" "C:\\Program Files\\nodejs\\node_modules\\npm\\bin\\npm-cli.js" "i" "https://github.com/RobiNN1/elFinder-Material-Theme.git" "--save"
39 error node v5.1.1
40 error npm  v3.3.12
41 error code EISDIR
42 error errno -4068
43 error syscall read
44 error eisdir EISDIR: illegal operation on a directory, read
44 error eisdir This is most likely not a problem with npm itself
44 error eisdir and is related to npm not being able to find a package.json in
44 error eisdir a package you are trying to install.
45 verbose exit [ -4068, true ]
